{
  "RSpec": {
    "coverage": {
      "/Users/Elliott/Documents/Ruby/Makers/Week4/Bookmark-Manager-1/app.rb": [
        1,
        1,
        1,
        1,
        null,
        1,
        1,
        1,
        null,
        null,
        1,
        1,
        null,
        null,
        1,
        2,
        2,
        null,
        null,
        1,
        1,
        null,
        null,
        1,
        1,
        1,
        null,
        null,
        1,
        null,
        null
      ],
      "/Users/Elliott/Documents/Ruby/Makers/Week4/Bookmark-Manager-1/lib/bookmark.rb": [
        1,
        1,
        1,
        4,
        4,
        null,
        0,
        null,
        4,
        12,
        null,
        null,
        1,
        5,
        5,
        null,
        0,
        null,
        5,
        null,
        null
      ],
      "/Users/Elliott/Documents/Ruby/Makers/Week4/Bookmark-Manager-1/spec/bookmark_spec.rb": [
        1,
        1,
        null,
        null,
        1,
        1,
        1,
        null,
        null,
        1,
        1,
        1,
        null,
        1,
        null,
        1,
        1,
        1,
        null,
        null,
        null,
        1,
        1,
        1,
        null,
        1,
        null,
        null,
        null
      ],
      "/Users/Elliott/Documents/Ruby/Makers/Week4/Bookmark-Manager-1/spec/features/creating_bookmarks_spec.rb": [
        1,
        1,
        1,
        1,
        1,
        null,
        1,
        null,
        null
      ],
      "/Users/Elliott/Documents/Ruby/Makers/Week4/Bookmark-Manager-1/spec/features/index_feat_spec.rb": [
        null,
        1,
        1,
        1,
        1,
        null,
        null
      ],
      "/Users/Elliott/Documents/Ruby/Makers/Week4/Bookmark-Manager-1/spec/features/viewing_bookmarks_spec.rb": [
        1,
        null,
        1,
        1,
        1,
        null,
        null,
        1,
        1,
        1,
        null,
        1,
        null,
        1,
        1,
        1,
        null,
        null
      ]
    },
    "timestamp": 1621524511
  }
}
