{
  "RSpec": {
    "coverage": {
      "/Users/Elliott/Documents/Ruby/Makers/Week4/Bookmark-Manager/app.rb": [
        1,
        1,
        1,
        1,
        null,
        1,
        1,
        0,
        null,
        null,
        1,
        1,
        null,
        null,
        1,
        1,
        1,
        null,
        null,
        1,
        null,
        null
      ],
      "/Users/Elliott/Documents/Ruby/Makers/Week4/Bookmark-Manager/lib/bookmark.rb": [
        1,
        1,
        1,
        null,
        2,
        2,
        10,
        null,
        null,
        null,
        null,
        null,
        null,
        null
      ],
      "/Users/Elliott/Documents/Ruby/Makers/Week4/Bookmark-Manager/spec/bookmark_spec.rb": [
        1,
        null,
        1,
        1,
        1,
        1,
        1,
        1,
        1,
        null,
        null,
        null,
        null
      ],
      "/Users/Elliott/Documents/Ruby/Makers/Week4/Bookmark-Manager/spec/features/bookmark_feat_spec.rb": [
        1,
        null,
        1,
        1,
        1,
        1,
        1,
        1,
        null,
        null
      ],
      "/Users/Elliott/Documents/Ruby/Makers/Week4/Bookmark-Manager/spec/features/index_feat_spec.rb": [
        null,
        1,
        1,
        1,
        1,
        null,
        null
      ]
    },
    "timestamp": 1621353950
  }
}
